<?xml version="1.0" encoding="UTF-8"?>
<testsuite xmlns:xsi="http://www.w3.org/2001/XMLSchema-instance" xsi:noNamespaceSchemaLocation="https://maven.apache.org/surefire/maven-surefire-plugin/xsd/surefire-test-report.xsd" name="TestSuite" time="219.593" tests="4" errors="0" skipped="0" failures="0">
  <properties>
    <property name="sun.desktop" value="windows"/>
    <property name="awt.toolkit" value="sun.awt.windows.WToolkit"/>
    <property name="file.encoding.pkg" value="sun.io"/>
    <property name="java.specification.version" value="1.8"/>
    <property name="sun.cpu.isalist" value="amd64"/>
    <property name="sun.jnu.encoding" value="Cp1252"/>
    <property name="java.class.path" value="C:\Users\njnir\IdeaProjects\eNetBanking\target\test-classes;C:\Users\njnir\IdeaProjects\eNetBanking\target\classes;D:\Maven_Repository\jars\junit\junit\3.8.1\junit-3.8.1.jar;D:\Maven_Repository\jars\org\seleniumhq\selenium\selenium-java\3.14.0\selenium-java-3.14.0.jar;D:\Maven_Repository\jars\org\seleniumhq\selenium\selenium-api\3.14.0\selenium-api-3.14.0.jar;D:\Maven_Repository\jars\org\seleniumhq\selenium\selenium-chrome-driver\3.14.0\selenium-chrome-driver-3.14.0.jar;D:\Maven_Repository\jars\org\seleniumhq\selenium\selenium-edge-driver\3.14.0\selenium-edge-driver-3.14.0.jar;D:\Maven_Repository\jars\org\seleniumhq\selenium\selenium-firefox-driver\3.14.0\selenium-firefox-driver-3.14.0.jar;D:\Maven_Repository\jars\org\seleniumhq\selenium\selenium-ie-driver\3.14.0\selenium-ie-driver-3.14.0.jar;D:\Maven_Repository\jars\org\seleniumhq\selenium\selenium-opera-driver\3.14.0\selenium-opera-driver-3.14.0.jar;D:\Maven_Repository\jars\org\seleniumhq\selenium\selenium-remote-driver\3.14.0\selenium-remote-driver-3.14.0.jar;D:\Maven_Repository\jars\org\seleniumhq\selenium\selenium-safari-driver\3.14.0\selenium-safari-driver-3.14.0.jar;D:\Maven_Repository\jars\org\seleniumhq\selenium\selenium-support\3.14.0\selenium-support-3.14.0.jar;D:\Maven_Repository\jars\net\bytebuddy\byte-buddy\1.8.15\byte-buddy-1.8.15.jar;D:\Maven_Repository\jars\org\apache\commons\commons-exec\1.3\commons-exec-1.3.jar;D:\Maven_Repository\jars\commons-codec\commons-codec\1.10\commons-codec-1.10.jar;D:\Maven_Repository\jars\commons-logging\commons-logging\1.2\commons-logging-1.2.jar;D:\Maven_Repository\jars\com\google\guava\guava\25.0-jre\guava-25.0-jre.jar;D:\Maven_Repository\jars\com\google\code\findbugs\jsr305\1.3.9\jsr305-1.3.9.jar;D:\Maven_Repository\jars\org\checkerframework\checker-compat-qual\2.0.0\checker-compat-qual-2.0.0.jar;D:\Maven_Repository\jars\com\google\errorprone\error_prone_annotations\2.1.3\error_prone_annotations-2.1.3.jar;D:\Maven_Repository\jars\com\google\j2objc\j2objc-annotations\1.1\j2objc-annotations-1.1.jar;D:\Maven_Repository\jars\org\codehaus\mojo\animal-sniffer-annotations\1.14\animal-sniffer-annotations-1.14.jar;D:\Maven_Repository\jars\org\apache\httpcomponents\httpclient\4.5.5\httpclient-4.5.5.jar;D:\Maven_Repository\jars\org\apache\httpcomponents\httpcore\4.4.9\httpcore-4.4.9.jar;D:\Maven_Repository\jars\com\squareup\okhttp3\okhttp\3.10.0\okhttp-3.10.0.jar;D:\Maven_Repository\jars\com\squareup\okio\okio\1.14.1\okio-1.14.1.jar;D:\Maven_Repository\jars\org\testng\testng\6.14.3\testng-6.14.3.jar;D:\Maven_Repository\jars\com\beust\jcommander\1.72\jcommander-1.72.jar;D:\Maven_Repository\jars\org\apache-extras\beanshell\bsh\2.0b6\bsh-2.0b6.jar;D:\Maven_Repository\jars\org\apache\poi\poi\3.17\poi-3.17.jar;D:\Maven_Repository\jars\org\apache\commons\commons-collections4\4.1\commons-collections4-4.1.jar;D:\Maven_Repository\jars\org\apache\poi\poi-ooxml\3.17\poi-ooxml-3.17.jar;D:\Maven_Repository\jars\org\apache\poi\poi-ooxml-schemas\3.17\poi-ooxml-schemas-3.17.jar;D:\Maven_Repository\jars\org\apache\xmlbeans\xmlbeans\2.6.0\xmlbeans-2.6.0.jar;D:\Maven_Repository\jars\stax\stax-api\1.0.1\stax-api-1.0.1.jar;D:\Maven_Repository\jars\com\github\virtuald\curvesapi\1.04\curvesapi-1.04.jar;D:\Maven_Repository\jars\com\aventstack\extentreports\3.1.2\extentreports-3.1.2.jar;D:\Maven_Repository\jars\org\freemarker\freemarker\2.3.23\freemarker-2.3.23.jar;D:\Maven_Repository\jars\org\mongodb\mongodb-driver\3.3.0\mongodb-driver-3.3.0.jar;D:\Maven_Repository\jars\org\mongodb\bson\3.3.0\bson-3.3.0.jar;D:\Maven_Repository\jars\org\mongodb\mongodb-driver-core\3.3.0\mongodb-driver-core-3.3.0.jar;D:\Maven_Repository\jars\org\apache\httpcomponents\httpmime\4.5.2\httpmime-4.5.2.jar;D:\Maven_Repository\jars\org\jsoup\jsoup\1.9.2\jsoup-1.9.2.jar;D:\Maven_Repository\jars\com\google\code\gson\gson\2.8.0\gson-2.8.0.jar;D:\Maven_Repository\jars\org\apache\commons\commons-lang3\3.0\commons-lang3-3.0.jar;D:\Maven_Repository\jars\commons-io\commons-io\1.3.2\commons-io-1.3.2.jar;D:\Maven_Repository\jars\log4j\log4j\1.2.17\log4j-1.2.17.jar;"/>
    <property name="java.vm.vendor" value="Oracle Corporation"/>
    <property name="sun.arch.data.model" value="64"/>
    <property name="user.variant" value=""/>
    <property name="java.vendor.url" value="http://java.oracle.com/"/>
    <property name="user.timezone" value="Asia/Calcutta"/>
    <property name="java.vm.specification.version" value="1.8"/>
    <property name="os.name" value="Windows 10"/>
    <property name="user.country" value="US"/>
    <property name="sun.java.launcher" value="SUN_STANDARD"/>
    <property name="sun.boot.library.path" value="C:\Program Files\Java\jdk1.8.0_261\jre\bin"/>
    <property name="sun.java.command" value="C:\WINDOWS\TEMP\surefire4785618730480226356\surefirebooter8961625374259918012.jar C:\Windows\Temp\surefire4785618730480226356 2020-10-31T23-29-50_967-jvmRun1 surefire3798482043527094587tmp surefire_07125844255993294177tmp"/>
    <property name="surefire.test.class.path" value="C:\Users\njnir\IdeaProjects\eNetBanking\target\test-classes;C:\Users\njnir\IdeaProjects\eNetBanking\target\classes;D:\Maven_Repository\jars\junit\junit\3.8.1\junit-3.8.1.jar;D:\Maven_Repository\jars\org\seleniumhq\selenium\selenium-java\3.14.0\selenium-java-3.14.0.jar;D:\Maven_Repository\jars\org\seleniumhq\selenium\selenium-api\3.14.0\selenium-api-3.14.0.jar;D:\Maven_Repository\jars\org\seleniumhq\selenium\selenium-chrome-driver\3.14.0\selenium-chrome-driver-3.14.0.jar;D:\Maven_Repository\jars\org\seleniumhq\selenium\selenium-edge-driver\3.14.0\selenium-edge-driver-3.14.0.jar;D:\Maven_Repository\jars\org\seleniumhq\selenium\selenium-firefox-driver\3.14.0\selenium-firefox-driver-3.14.0.jar;D:\Maven_Repository\jars\org\seleniumhq\selenium\selenium-ie-driver\3.14.0\selenium-ie-driver-3.14.0.jar;D:\Maven_Repository\jars\org\seleniumhq\selenium\selenium-opera-driver\3.14.0\selenium-opera-driver-3.14.0.jar;D:\Maven_Repository\jars\org\seleniumhq\selenium\selenium-remote-driver\3.14.0\selenium-remote-driver-3.14.0.jar;D:\Maven_Repository\jars\org\seleniumhq\selenium\selenium-safari-driver\3.14.0\selenium-safari-driver-3.14.0.jar;D:\Maven_Repository\jars\org\seleniumhq\selenium\selenium-support\3.14.0\selenium-support-3.14.0.jar;D:\Maven_Repository\jars\net\bytebuddy\byte-buddy\1.8.15\byte-buddy-1.8.15.jar;D:\Maven_Repository\jars\org\apache\commons\commons-exec\1.3\commons-exec-1.3.jar;D:\Maven_Repository\jars\commons-codec\commons-codec\1.10\commons-codec-1.10.jar;D:\Maven_Repository\jars\commons-logging\commons-logging\1.2\commons-logging-1.2.jar;D:\Maven_Repository\jars\com\google\guava\guava\25.0-jre\guava-25.0-jre.jar;D:\Maven_Repository\jars\com\google\code\findbugs\jsr305\1.3.9\jsr305-1.3.9.jar;D:\Maven_Repository\jars\org\checkerframework\checker-compat-qual\2.0.0\checker-compat-qual-2.0.0.jar;D:\Maven_Repository\jars\com\google\errorprone\error_prone_annotations\2.1.3\error_prone_annotations-2.1.3.jar;D:\Maven_Repository\jars\com\google\j2objc\j2objc-annotations\1.1\j2objc-annotations-1.1.jar;D:\Maven_Repository\jars\org\codehaus\mojo\animal-sniffer-annotations\1.14\animal-sniffer-annotations-1.14.jar;D:\Maven_Repository\jars\org\apache\httpcomponents\httpclient\4.5.5\httpclient-4.5.5.jar;D:\Maven_Repository\jars\org\apache\httpcomponents\httpcore\4.4.9\httpcore-4.4.9.jar;D:\Maven_Repository\jars\com\squareup\okhttp3\okhttp\3.10.0\okhttp-3.10.0.jar;D:\Maven_Repository\jars\com\squareup\okio\okio\1.14.1\okio-1.14.1.jar;D:\Maven_Repository\jars\org\testng\testng\6.14.3\testng-6.14.3.jar;D:\Maven_Repository\jars\com\beust\jcommander\1.72\jcommander-1.72.jar;D:\Maven_Repository\jars\org\apache-extras\beanshell\bsh\2.0b6\bsh-2.0b6.jar;D:\Maven_Repository\jars\org\apache\poi\poi\3.17\poi-3.17.jar;D:\Maven_Repository\jars\org\apache\commons\commons-collections4\4.1\commons-collections4-4.1.jar;D:\Maven_Repository\jars\org\apache\poi\poi-ooxml\3.17\poi-ooxml-3.17.jar;D:\Maven_Repository\jars\org\apache\poi\poi-ooxml-schemas\3.17\poi-ooxml-schemas-3.17.jar;D:\Maven_Repository\jars\org\apache\xmlbeans\xmlbeans\2.6.0\xmlbeans-2.6.0.jar;D:\Maven_Repository\jars\stax\stax-api\1.0.1\stax-api-1.0.1.jar;D:\Maven_Repository\jars\com\github\virtuald\curvesapi\1.04\curvesapi-1.04.jar;D:\Maven_Repository\jars\com\aventstack\extentreports\3.1.2\extentreports-3.1.2.jar;D:\Maven_Repository\jars\org\freemarker\freemarker\2.3.23\freemarker-2.3.23.jar;D:\Maven_Repository\jars\org\mongodb\mongodb-driver\3.3.0\mongodb-driver-3.3.0.jar;D:\Maven_Repository\jars\org\mongodb\bson\3.3.0\bson-3.3.0.jar;D:\Maven_Repository\jars\org\mongodb\mongodb-driver-core\3.3.0\mongodb-driver-core-3.3.0.jar;D:\Maven_Repository\jars\org\apache\httpcomponents\httpmime\4.5.2\httpmime-4.5.2.jar;D:\Maven_Repository\jars\org\jsoup\jsoup\1.9.2\jsoup-1.9.2.jar;D:\Maven_Repository\jars\com\google\code\gson\gson\2.8.0\gson-2.8.0.jar;D:\Maven_Repository\jars\org\apache\commons\commons-lang3\3.0\commons-lang3-3.0.jar;D:\Maven_Repository\jars\commons-io\commons-io\1.3.2\commons-io-1.3.2.jar;D:\Maven_Repository\jars\log4j\log4j\1.2.17\log4j-1.2.17.jar;"/>
    <property name="sun.cpu.endian" value="little"/>
    <property name="user.home" value="C:\WINDOWS\system32\config\systemprofile"/>
    <property name="user.language" value="en"/>
    <property name="java.specification.vendor" value="Oracle Corporation"/>
    <property name="java.home" value="C:\Program Files\Java\jdk1.8.0_261\jre"/>
    <property name="basedir" value="C:\Users\njnir\IdeaProjects\eNetBanking"/>
    <property name="file.separator" value="\"/>
    <property name="line.separator" value="&#10;"/>
    <property name="java.vm.specification.vendor" value="Oracle Corporation"/>
    <property name="java.specification.name" value="Java Platform API Specification"/>
    <property name="java.awt.graphicsenv" value="sun.awt.Win32GraphicsEnvironment"/>
    <property name="surefire.real.class.path" value="C:\WINDOWS\TEMP\surefire4785618730480226356\surefirebooter8961625374259918012.jar"/>
    <property name="sun.boot.class.path" value="C:\Program Files\Java\jdk1.8.0_261\jre\lib\resources.jar;C:\Program Files\Java\jdk1.8.0_261\jre\lib\rt.jar;C:\Program Files\Java\jdk1.8.0_261\jre\lib\sunrsasign.jar;C:\Program Files\Java\jdk1.8.0_261\jre\lib\jsse.jar;C:\Program Files\Java\jdk1.8.0_261\jre\lib\jce.jar;C:\Program Files\Java\jdk1.8.0_261\jre\lib\charsets.jar;C:\Program Files\Java\jdk1.8.0_261\jre\lib\jfr.jar;C:\Program Files\Java\jdk1.8.0_261\jre\classes"/>
    <property name="user.script" value=""/>
    <property name="sun.management.compiler" value="HotSpot 64-Bit Tiered Compilers"/>
    <property name="java.runtime.version" value="1.8.0_261-b12"/>
    <property name="user.name" value="LAPTOP-VE35QHCC$"/>
    <property name="path.separator" value=";"/>
    <property name="os.version" value="10.0"/>
    <property name="java.endorsed.dirs" value="C:\Program Files\Java\jdk1.8.0_261\jre\lib\endorsed"/>
    <property name="java.runtime.name" value="Java(TM) SE Runtime Environment"/>
    <property name="file.encoding" value="Cp1252"/>
    <property name="java.vm.name" value="Java HotSpot(TM) 64-Bit Server VM"/>
    <property name="localRepository" value="D:\Maven_Repository\jars"/>
    <property name="java.vendor.url.bug" value="http://bugreport.sun.com/bugreport/"/>
    <property name="java.io.tmpdir" value="C:\WINDOWS\TEMP\"/>
    <property name="java.version" value="1.8.0_261"/>
    <property name="user.dir" value="C:\Users\njnir\IdeaProjects\eNetBanking"/>
    <property name="os.arch" value="amd64"/>
    <property name="java.vm.specification.name" value="Java Virtual Machine Specification"/>
    <property name="java.awt.printerjob" value="sun.awt.windows.WPrinterJob"/>
    <property name="sun.os.patch.level" value=""/>
    <property name="java.library.path" value="C:\Program Files\Java\jdk1.8.0_261\jre\bin;C:\WINDOWS\Sun\Java\bin;C:\WINDOWS\system32;C:\WINDOWS;C:\Program Files\apache-maven-3.6.3/bin;C:\Program Files\Java\jdk1.8.0_261/bin;C:\Program Files\Java\jdk1.8.0_261/bin;C:\Program Files (x86)\Common Files\Oracle\Java\javapath;C:\Windows\system32;C:\Windows;C:\Windows\System32\Wbem;C:\Windows\System32\WindowsPowerShell\v1.0\;C:\Windows\System32\OpenSSH\;C:\Program Files (x86)\NVIDIA Corporation\PhysX\Common;C:\Program Files\Git\cmd;C:\Program Files\nodejs\;C:\WINDOWS\system32;C:\WINDOWS;C:\WINDOWS\System32\Wbem;C:\WINDOWS\System32\WindowsPowerShell\v1.0\;C:\WINDOWS\System32\OpenSSH\;C:\WINDOWS\system32\config\systemprofile\AppData\Local\Microsoft\WindowsApps;."/>
    <property name="java.vm.info" value="mixed mode"/>
    <property name="java.vendor" value="Oracle Corporation"/>
    <property name="java.vm.version" value="25.261-b12"/>
    <property name="java.ext.dirs" value="C:\Program Files\Java\jdk1.8.0_261\jre\lib\ext;C:\WINDOWS\Sun\Java\lib\ext"/>
    <property name="sun.io.unicode.encoding" value="UnicodeLittle"/>
    <property name="java.class.version" value="52.0"/>
  </properties>
  <testcase name="VerifyLoginTest" classname="com.eNetBanking.testCases.LoginScenario.TC_LoginTest_001" time="72.405"/>
  <testcase name="loginTest" classname="com.eNetBanking.testCases.LoginScenario.TC_LoginTest_002" time="83.509"/>
  <testcase name="TestLoginFailedWithoutUserId" classname="com.eNetBanking.testCases.LoginScenario.TC_LoginTest_003" time="5.163"/>
  <testcase name="VerifyLoginTest" classname="com.eNetBanking.testCases.LoginScenario.TC_LoginTest_004" time="18.482"/>
</testsuite>