<?xml version="1.0" encoding="UTF-8"?>
<!-- Generated by org.testng.reporters.JUnitReportReporter -->
<testsuite skipped="0" hostname="LAPTOP-VE35QHCC" name="com.eNetBanking.testCases.LoginScenario.TC_LoginTest_002" tests="1" failures="0" timestamp="31 Oct 2020 19:48:51 GMT" time="15.770" errors="0">
  <testcase name="loginTest" time="15.770" classname="com.eNetBanking.testCases.LoginScenario.TC_LoginTest_002"/>
</testsuite> <!-- com.eNetBanking.testCases.LoginScenario.TC_LoginTest_002 -->
