<?xml version="1.0" encoding="UTF-8"?>
<!-- Generated by org.testng.reporters.JUnitReportReporter -->
<testsuite skipped="0" hostname="LAPTOP-VE35QHCC" name="com.eNetBanking.testCases.LoginScenario.TC_LoginTest_003" tests="1" failures="0" timestamp="31 Oct 2020 19:48:51 GMT" time="5.455" errors="0">
  <testcase name="TestLoginFailedWithoutUserId" time="5.455" classname="com.eNetBanking.testCases.LoginScenario.TC_LoginTest_003"/>
</testsuite> <!-- com.eNetBanking.testCases.LoginScenario.TC_LoginTest_003 -->
