<?xml version="1.0" encoding="UTF-8"?>
<!-- Generated by org.testng.reporters.JUnitReportReporter -->
<testsuite skipped="0" hostname="LAPTOP-VE35QHCC" name="com.eNetBanking.testCases.LoginScenario.TC_LoginTest_002" tests="1" failures="0" timestamp="29 Oct 2020 16:46:42 GMT" time="24.150" errors="0">
  <testcase name="loginTest" time="24.150" classname="com.eNetBanking.testCases.LoginScenario.TC_LoginTest_002"/>
</testsuite> <!-- com.eNetBanking.testCases.LoginScenario.TC_LoginTest_002 -->
