<?xml version="1.0" encoding="UTF-8"?>
<!-- Generated by org.testng.reporters.JUnitReportReporter -->
<testsuite skipped="0" hostname="LAPTOP-VE35QHCC" name="com.eNetBanking.testCases.LoginScenario.TC_LoginTest_003" tests="1" failures="0" timestamp="29 Oct 2020 17:58:34 GMT" time="0.244" errors="0">
  <testcase name="TestLoginFailedWithoutUserId" time="0.244" classname="com.eNetBanking.testCases.LoginScenario.TC_LoginTest_003"/>
</testsuite> <!-- com.eNetBanking.testCases.LoginScenario.TC_LoginTest_003 -->
